Using pre-set license
Built from '2020.3/china_unity/release' branch; Version is '2020.3.13f1c1 (93b9df9a3ddc) revision 9681375'; Using compiler version '192528614'; Build Type 'Release'
OS: 'Windows 10 Home China; OS build 19041.1348; Version 2004; 64bit' Language: 'zh' Physical Memory: 16303 MB
BatchMode: 1, IsHumanControllingUs: 0, StartBugReporterOnCrash: 0, Is64bit: 1, IsPro: 0

 COMMAND LINE ARGUMENTS:
F:\unity\2020.3.13f1c1\Editor\Unity.exe
-adb2
-batchMode
-noUpm
-name
AssetImportWorker0
-projectPath
D:/学习/软件工程/六人项目/RTX-ON/demos/examination game demo
-logFile
Logs/AssetImportWorker0.log
-srvPort
10539
Successfully changed project path to: D:/学习/软件工程/六人项目/RTX-ON/demos/examination game demo
D:/学习/软件工程/六人项目/RTX-ON/demos/examination game demo
Using Asset Import Pipeline V2.
Refreshing native plugins compatible for Editor in 41.47 ms, found 3 plugins.
Preloading 0 native plugins for Editor in 0.00 ms.
Initialize engine version: 2020.3.13f1c1 (93b9df9a3ddc)
[Subsystems] Discovering subsystems at path F:/unity/2020.3.13f1c1/Editor/Data/Resources/UnitySubsystems
[Subsystems] Discovering subsystems at path D:/学习/软件工程/六人项目/RTX-ON/demos/examination game demo/Assets
GfxDevice: creating device client; threaded=0
Direct3D:
    Version:  Direct3D 11.0 [level 11.1]
    Renderer: NVIDIA GeForce GTX 1660 Ti (ID=0x2191)
    Vendor:   
    VRAM:     5991 MB
    Driver:   30.0.14.9649
Initialize mono
Mono path[0] = 'F:/unity/2020.3.13f1c1/Editor/Data/Managed'
Mono path[1] = 'F:/unity/2020.3.13f1c1/Editor/Data/MonoBleedingEdge/lib/mono/unityjit'
Mono config path = 'F:/unity/2020.3.13f1c1/Editor/Data/MonoBleedingEdge/etc'
Using monoOptions --debugger-agent=transport=dt_socket,embedding=1,server=y,suspend=n,address=127.0.0.1:56076
Begin MonoManager ReloadAssembly
Registering precompiled unity dll's ...
Register platform support module: F:/unity/2020.3.13f1c1/Editor/Data/PlaybackEngines/WebGLSupport/UnityEditor.WebGL.Extensions.dll
Register platform support module: F:/unity/2020.3.13f1c1/Editor/Data/PlaybackEngines/WindowsStandaloneSupport/UnityEditor.WindowsStandalone.Extensions.dll
Registered in 0.001289 seconds.
Native extension for WindowsStandalone target not found
Native extension for WebGL target not found
Refreshing native plugins compatible for Editor in 37.24 ms, found 3 plugins.
Preloading 0 native plugins for Editor in 0.00 ms.
Mono: successfully reloaded assembly
- Completed reload, in  1.510 seconds
Platform modules already initialized, skipping
Registering precompiled user dll's ...
Registered in 0.003795 seconds.
Begin MonoManager ReloadAssembly
Native extension for WindowsStandalone target not found
Native extension for WebGL target not found
Refreshing native plugins compatible for Editor in 37.54 ms, found 3 plugins.
Preloading 0 native plugins for Editor in 0.00 ms.
Mono: successfully reloaded assembly
- Completed reload, in  1.015 seconds
Platform modules already initialized, skipping
========================================================================
Worker process is ready to serve import requests
Launched and connected shader compiler UnityShaderCompiler.exe after 0.05 seconds
Refreshing native plugins compatible for Editor in 0.39 ms, found 3 plugins.
Preloading 0 native plugins for Editor in 0.00 ms.
Unloading 2085 Unused Serialized files (Serialized files now loaded: 0)
System memory in use before: 95.4 MB.
System memory in use after: 95.5 MB.

Unloading 28 unused Assets to reduce memory usage. Loaded Objects now: 2524.
Total: 2.064600 ms (FindLiveObjects: 0.175200 ms CreateObjectMapping: 0.068200 ms MarkObjects: 1.763300 ms  DeleteObjects: 0.056800 ms)

AssetImportParameters requested are different than current active one (requested -> active):
  custom:framework-win-MediaFoundation: 216162199b28c13a410421893ffa2e32 -> 
  custom:video-decoder-ogg-theora: a1e56fd34408186e4bbccfd4996cb3dc -> 
  custom:container-muxer-webm: aa71ff27fc2769a1b78a27578f13a17b -> 
  custom:container-demuxer-webm: 4f35f7cbe854078d1ac9338744f61a02 -> 
  custom:container-demuxer-ogg: 62fdf1f143b41e24485cea50d1cbac27 -> 
  custom:video-encoder-webm-vp8: eb34c28f22e8b96e1ab97ce403110664 -> 
  custom:video-decoder-webm-vp8: 9c59270c3fd7afecdb556c50c9e8de78 -> 
  custom:audio-decoder-ogg-vorbis: bf7c407c2cedff20999df2af8eb42d56 -> 
  custom:audio-encoder-webm-vorbis: bf7c407c2cedff20999df2af8eb42d56 -> 
========================================================================
Received Import Request.
  path: Assets/Map_Rooms.png
  artifactKey: Guid(94de68e15c5cb0f4086c049ea3da9778) Importer(815301076,1909f56bfc062723c751e8b465ee728b)
Start importing Assets/Map_Rooms.png using Guid(94de68e15c5cb0f4086c049ea3da9778) Importer(815301076,1909f56bfc062723c751e8b465ee728b)  -> (artifact id: '99a2c8284abfc6a0c4603e5b8c17efe1') in 0.060004 seconds 
  Import took 0.063391 seconds .

========================================================================
Received Import Request.
  Time since last request: 64.081067 seconds.
  path: Assets/Map_Rooms.png
  artifactKey: Guid(94de68e15c5cb0f4086c049ea3da9778) Importer(815301076,1909f56bfc062723c751e8b465ee728b)
Start importing Assets/Map_Rooms.png using Guid(94de68e15c5cb0f4086c049ea3da9778) Importer(815301076,1909f56bfc062723c751e8b465ee728b)  -> (artifact id: '5dff9fc60177b1a1602c85318eafd558') in 0.050711 seconds 
  Import took 0.055278 seconds .

========================================================================
Received Import Request.
  Time since last request: 100.564183 seconds.
  path: Assets/prefab
  artifactKey: Guid(d06a5874945cdf1458c2bd100b3d9d9a) Importer(815301076,1909f56bfc062723c751e8b465ee728b)
Start importing Assets/prefab using Guid(d06a5874945cdf1458c2bd100b3d9d9a) Importer(815301076,1909f56bfc062723c751e8b465ee728b)  -> (artifact id: 'e977c77fc4dabce8e11c7fa7c27b63f0') in 0.002252 seconds 
  Import took 0.007338 seconds .

========================================================================
Received Import Request.
  Time since last request: 0.000236 seconds.
  path: Assets/prefab
  artifactKey: Guid(d06a5874945cdf1458c2bd100b3d9d9a) Importer(815301076,1909f56bfc062723c751e8b465ee728b)
Start importing Assets/prefab using Guid(d06a5874945cdf1458c2bd100b3d9d9a) Importer(815301076,1909f56bfc062723c751e8b465ee728b)  -> (artifact id: 'e977c77fc4dabce8e11c7fa7c27b63f0') in 0.002079 seconds 
  Import took 0.005679 seconds .

========================================================================
Received Import Request.
  Time since last request: 14.315739 seconds.
  path: Assets/prefab/start.prefab
  artifactKey: Guid(69434793811078548914b820e052ea2d) Importer(815301076,1909f56bfc062723c751e8b465ee728b)
Start importing Assets/prefab/start.prefab using Guid(69434793811078548914b820e052ea2d) Importer(815301076,1909f56bfc062723c751e8b465ee728b)  -> (artifact id: '8c5a38704e303bfb9fd8a5f85664b502') in 0.033461 seconds 
  Import took 0.037567 seconds .

========================================================================
Received Import Request.
  Time since last request: 0.001713 seconds.
  path: Assets/prefab/start.prefab
  artifactKey: Guid(69434793811078548914b820e052ea2d) Importer(815301076,1909f56bfc062723c751e8b465ee728b)
Start importing Assets/prefab/start.prefab using Guid(69434793811078548914b820e052ea2d) Importer(815301076,1909f56bfc062723c751e8b465ee728b)  -> (artifact id: '8c5a38704e303bfb9fd8a5f85664b502') in 0.006851 seconds 
  Import took 0.010143 seconds .

========================================================================
Received Import Request.
  Time since last request: 25.640151 seconds.
  path: Assets/prefab/BasicRoom.prefab
  artifactKey: Guid(b00c1a6e645434b4d99afb02a103ee50) Importer(815301076,1909f56bfc062723c751e8b465ee728b)
Start importing Assets/prefab/BasicRoom.prefab using Guid(b00c1a6e645434b4d99afb02a103ee50) Importer(815301076,1909f56bfc062723c751e8b465ee728b)  -> (artifact id: 'b9e328ea8c0789e87e8bb273138fbcda') in 0.007956 seconds 
  Import took 0.011480 seconds .

========================================================================
Received Import Request.
  Time since last request: 200.911287 seconds.
  path: Assets/Scripts/RoomGenerator.cs
  artifactKey: Guid(42d455dd2c6c25947999922f8bb17a64) Importer(815301076,1909f56bfc062723c751e8b465ee728b)
Start importing Assets/Scripts/RoomGenerator.cs using Guid(42d455dd2c6c25947999922f8bb17a64) Importer(815301076,1909f56bfc062723c751e8b465ee728b)  -> (artifact id: '9fa12ae5192b547118c50dd435541d0f') in 0.006371 seconds 
  Import took 0.010323 seconds .

========================================================================
Received Prepare
Registering precompiled user dll's ...
Registered in 0.005087 seconds.
Begin MonoManager ReloadAssembly
Native extension for WindowsStandalone target not found
Native extension for WebGL target not found
Refreshing native plugins compatible for Editor in 0.39 ms, found 3 plugins.
Preloading 0 native plugins for Editor in 0.00 ms.
Mono: successfully reloaded assembly
- Completed reload, in  1.082 seconds
Platform modules already initialized, skipping
Refreshing native plugins compatible for Editor in 1.21 ms, found 3 plugins.
Preloading 0 native plugins for Editor in 0.00 ms.
Unloading 2075 Unused Serialized files (Serialized files now loaded: 0)
System memory in use before: 97.8 MB.
System memory in use after: 98.0 MB.

Unloading 16 unused Assets to reduce memory usage. Loaded Objects now: 2539.
Total: 6.603100 ms (FindLiveObjects: 0.661800 ms CreateObjectMapping: 1.628500 ms MarkObjects: 4.267300 ms  DeleteObjects: 0.042600 ms)

AssetImportParameters requested are different than current active one (requested -> active):
  custom:framework-win-MediaFoundation: 216162199b28c13a410421893ffa2e32 -> 
  custom:video-decoder-ogg-theora: a1e56fd34408186e4bbccfd4996cb3dc -> 
  custom:container-muxer-webm: aa71ff27fc2769a1b78a27578f13a17b -> 
  custom:container-demuxer-webm: 4f35f7cbe854078d1ac9338744f61a02 -> 
  custom:container-demuxer-ogg: 62fdf1f143b41e24485cea50d1cbac27 -> 
  custom:video-encoder-webm-vp8: eb34c28f22e8b96e1ab97ce403110664 -> 
  custom:video-decoder-webm-vp8: 9c59270c3fd7afecdb556c50c9e8de78 -> 
  custom:audio-decoder-ogg-vorbis: bf7c407c2cedff20999df2af8eb42d56 -> 
  custom:audio-encoder-webm-vorbis: bf7c407c2cedff20999df2af8eb42d56 -> 
AssetImportWorkerClient::OnTransportError - code=2 error=End of file
